<?xml version="1.0" encoding="UTF-8"?>
<testng-results skipped="0" failed="0" total="1" passed="1">
  <reporter-output>
  </reporter-output>
  <suite name="Default suite" duration-ms="13833" started-at="2020-05-02T21:58:27Z" finished-at="2020-05-02T21:58:41Z">
    <groups>
    </groups>
    <test name="Default test" duration-ms="13833" started-at="2020-05-02T21:58:27Z" finished-at="2020-05-02T21:58:41Z">
      <class name="com.acti.Base.DriverScript">
        <test-method status="PASS" signature="initApp()[pri:0, instance:com.acti.Base.DriverScript@224edc67]" name="initApp" duration-ms="13817" started-at="2020-05-02T17:58:27Z" finished-at="2020-05-02T17:58:41Z">
          <reporter-output>
          </reporter-output>
        </test-method> <!-- initApp -->
      </class> <!-- com.acti.Base.DriverScript -->
    </test> <!-- Default test -->
  </suite> <!-- Default suite -->
</testng-results>
